<?xml version="1.0" encoding="UTF-8"?>
<!-- Generated by org.testng.reporters.JUnitXMLReporter -->
<testsuite ignored="2" hostname="LAPTOP-76FA927J" failures="0" tests="1" name="Default test" time="22.981" errors="0" timestamp="02 May 2023 06:21:48 GMT">
  <testcase classname="testcases.LoginTest" name="test4" time="17.54"/>
  <testcase classname="testcases.LoginTest" name="test1" time="0.0">
    <ignored/>
  </testcase> <!-- test1 -->
  <testcase classname="testcases.LoginTest" name="test2" time="0.0">
    <ignored/>
  </testcase> <!-- test2 -->
</testsuite> <!-- Default test -->
