<?xml version="1.0" encoding="UTF-8"?>
<!-- Generated by org.testng.reporters.JUnitXMLReporter -->
<testsuite ignored="2" hostname="LAPTOP-76FA927J" failures="0" tests="2" name="Test" time="8.171" errors="0" timestamp="01 May 2023 06:48:21 GMT">
  <testcase classname="testcases.BaseClass" name="@BeforeMethod setup" time="0.042">
    <failure type="java.lang.NullPointerException" message="Cannot invoke &amp;quot;com.relevantcodes.extentreports.ExtentReports.startTest(String)&amp;quot; because &amp;quot;this.report&amp;quot; is null">
      <![CDATA[java.lang.NullPointerException: Cannot invoke "com.relevantcodes.extentreports.ExtentReports.startTest(String)" because "this.report" is null
at testcases.BaseClass.setup(BaseClass.java:33)
... Removed 28 stack frames]]>
    </failure>
  </testcase> <!-- @BeforeMethod setup -->
  <testcase classname="testcases.BaseClass" name="@AfterMethod Teardown" time="0.0">
    <skipped/>
  </testcase> <!-- @AfterMethod Teardown -->
  <testcase classname="testcases.HomePage" name="test3" time="0.015"/>
  <testcase classname="testcases.LoginTest" name="test1" time="0.0">
    <skipped/>
  </testcase> <!-- test1 -->
  <testcase classname="testcases.BaseClass" name="@AfterTest ReportClean" time="0.0">
    <ignored/>
  </testcase> <!-- @AfterTest ReportClean -->
  <testcase classname="testcases.BaseClass" name="@BeforeTest ReportSetUp" time="0.0">
    <ignored/>
  </testcase> <!-- @BeforeTest ReportSetUp -->
</testsuite> <!-- Test -->
