<?xml version="1.0" encoding="UTF-8"?>
<testng-results ignored="0" total="3" passed="3" failed="0" skipped="0">
  <reporter-output>
  </reporter-output>
  <suite started-at="2023-05-03T12:09:03Z" name="Suite" finished-at="2023-05-03T12:10:15Z" duration-ms="71246">
    <groups>
    </groups>
    <test started-at="2023-05-03T12:09:03Z" name="Test" finished-at="2023-05-03T12:10:15Z" duration-ms="71246">
      <class name="testcases.LoginTest">
        <test-method is-config="true" signature="ReportSetUp()[pri:0, instance:testcases.LoginTest@4816278d]" started-at="2023-05-03T12:09:03Z" name="ReportSetUp" finished-at="2023-05-03T12:09:05Z" duration-ms="1919" status="PASS">
          <reporter-output>
          </reporter-output>
        </test-method> <!-- ReportSetUp -->
        <test-method is-config="true" signature="setup(java.lang.reflect.Method)[pri:0, instance:testcases.LoginTest@4816278d]" started-at="2023-05-03T12:09:05Z" name="setup" finished-at="2023-05-03T12:09:12Z" duration-ms="6644" status="PASS">
          <params>
            <param index="0">
              <value>
                <![CDATA[public void testcases.LoginTest.test1() throws java.lang.InterruptedException]]>
              </value>
            </param>
          </params>
          <reporter-output>
          </reporter-output>
        </test-method> <!-- setup -->
        <test-method signature="test1()[pri:0, instance:testcases.LoginTest@4816278d]" started-at="2023-05-03T12:09:12Z" name="test1" finished-at="2023-05-03T12:09:32Z" duration-ms="19618" status="PASS">
          <reporter-output>
          </reporter-output>
        </test-method> <!-- test1 -->
        <test-method is-config="true" signature="Teardown()[pri:0, instance:testcases.LoginTest@4816278d]" started-at="2023-05-03T12:09:32Z" name="Teardown" finished-at="2023-05-03T12:09:32Z" duration-ms="665" status="PASS">
          <reporter-output>
          </reporter-output>
        </test-method> <!-- Teardown -->
        <test-method is-config="true" signature="setup(java.lang.reflect.Method)[pri:0, instance:testcases.LoginTest@4816278d]" started-at="2023-05-03T12:09:32Z" name="setup" finished-at="2023-05-03T12:09:36Z" duration-ms="4042" status="PASS">
          <params>
            <param index="0">
              <value>
                <![CDATA[public void testcases.LoginTest.test2() throws java.lang.InterruptedException]]>
              </value>
            </param>
          </params>
          <reporter-output>
          </reporter-output>
        </test-method> <!-- setup -->
        <test-method signature="test2()[pri:0, instance:testcases.LoginTest@4816278d]" started-at="2023-05-03T12:09:36Z" name="test2" finished-at="2023-05-03T12:09:52Z" duration-ms="15925" status="PASS">
          <reporter-output>
          </reporter-output>
        </test-method> <!-- test2 -->
        <test-method is-config="true" signature="Teardown()[pri:0, instance:testcases.LoginTest@4816278d]" started-at="2023-05-03T12:09:52Z" name="Teardown" finished-at="2023-05-03T12:09:53Z" duration-ms="797" status="PASS">
          <reporter-output>
          </reporter-output>
        </test-method> <!-- Teardown -->
        <test-method is-config="true" signature="setup(java.lang.reflect.Method)[pri:0, instance:testcases.LoginTest@4816278d]" started-at="2023-05-03T12:09:53Z" name="setup" finished-at="2023-05-03T12:09:57Z" duration-ms="4311" status="PASS">
          <params>
            <param index="0">
              <value>
                <![CDATA[public void testcases.LoginTest.test4() throws java.lang.InterruptedException,com.codoid.products.exception.FilloException]]>
              </value>
            </param>
          </params>
          <reporter-output>
          </reporter-output>
        </test-method> <!-- setup -->
        <test-method signature="test4()[pri:0, instance:testcases.LoginTest@4816278d]" started-at="2023-05-03T12:09:57Z" name="test4" finished-at="2023-05-03T12:10:13Z" duration-ms="15793" status="PASS">
          <reporter-output>
          </reporter-output>
        </test-method> <!-- test4 -->
        <test-method is-config="true" signature="Teardown()[pri:0, instance:testcases.LoginTest@4816278d]" started-at="2023-05-03T12:10:13Z" name="Teardown" finished-at="2023-05-03T12:10:14Z" duration-ms="578" status="PASS">
          <reporter-output>
          </reporter-output>
        </test-method> <!-- Teardown -->
        <test-method is-config="true" signature="ReportClean()[pri:0, instance:testcases.LoginTest@4816278d]" started-at="2023-05-03T12:10:14Z" name="ReportClean" finished-at="2023-05-03T12:10:15Z" duration-ms="911" status="PASS">
          <reporter-output>
          </reporter-output>
        </test-method> <!-- ReportClean -->
      </class> <!-- testcases.LoginTest -->
    </test> <!-- Test -->
  </suite> <!-- Suite -->
</testng-results>
