<?xml version="1.0" encoding="UTF-8"?>
<testng-results ignored="0" total="1" passed="1" failed="0" skipped="0">
  <reporter-output>
  </reporter-output>
  <suite started-at="2023-05-05T04:27:07Z" name="Suite" finished-at="2023-05-05T04:27:11Z" duration-ms="4678">
    <groups>
    </groups>
    <test started-at="2023-05-05T04:27:07Z" name="Test" finished-at="2023-05-05T04:27:11Z" duration-ms="4678">
      <class name="testcases.HomePage">
        <test-method is-config="true" signature="ReportSetUp()[pri:0, instance:testcases.HomePage@5717c37]" started-at="2023-05-05T04:27:07Z" name="ReportSetUp" finished-at="2023-05-05T04:27:07Z" duration-ms="600" status="PASS">
          <reporter-output>
          </reporter-output>
        </test-method> <!-- ReportSetUp -->
        <test-method is-config="true" signature="setup(java.lang.reflect.Method)[pri:0, instance:testcases.HomePage@5717c37]" started-at="2023-05-05T04:27:07Z" name="setup" finished-at="2023-05-05T04:27:11Z" duration-ms="3418" status="PASS">
          <params>
            <param index="0">
              <value>
                <![CDATA[public void testcases.HomePage.test3()]]>
              </value>
            </param>
          </params>
          <reporter-output>
          </reporter-output>
        </test-method> <!-- setup -->
        <test-method signature="test3()[pri:0, instance:testcases.HomePage@5717c37]" started-at="2023-05-05T04:27:11Z" name="test3" finished-at="2023-05-05T04:27:11Z" duration-ms="1" status="PASS">
          <reporter-output>
          </reporter-output>
        </test-method> <!-- test3 -->
        <test-method is-config="true" signature="Teardown()[pri:0, instance:testcases.HomePage@5717c37]" started-at="2023-05-05T04:27:11Z" name="Teardown" finished-at="2023-05-05T04:27:11Z" duration-ms="330" status="PASS">
          <reporter-output>
          </reporter-output>
        </test-method> <!-- Teardown -->
        <test-method is-config="true" signature="ReportClean()[pri:0, instance:testcases.HomePage@5717c37]" started-at="2023-05-05T04:27:11Z" name="ReportClean" finished-at="2023-05-05T04:27:11Z" duration-ms="315" status="PASS">
          <reporter-output>
          </reporter-output>
        </test-method> <!-- ReportClean -->
      </class> <!-- testcases.HomePage -->
    </test> <!-- Test -->
  </suite> <!-- Suite -->
</testng-results>
