<?xml version="1.0" encoding="UTF-8"?>
<testng-results ignored="2" total="3" passed="1" failed="0" skipped="0">
  <reporter-output>
  </reporter-output>
  <suite started-at="2023-05-02T06:21:25Z" name="Default suite" finished-at="2023-05-02T06:21:48Z" duration-ms="22981">
    <groups>
    </groups>
    <test started-at="2023-05-02T06:21:25Z" name="Default test" finished-at="2023-05-02T06:21:48Z" duration-ms="22981">
      <class name="testcases.LoginTest">
        <test-method is-config="true" signature="ReportSetUp()[pri:0, instance:testcases.LoginTest@54eb2b70]" started-at="2023-05-02T06:21:25Z" name="ReportSetUp" finished-at="2023-05-02T06:21:25Z" duration-ms="536" status="PASS">
          <reporter-output>
          </reporter-output>
        </test-method> <!-- ReportSetUp -->
        <test-method is-config="true" signature="setup(java.lang.reflect.Method)[pri:0, instance:testcases.LoginTest@54eb2b70]" started-at="2023-05-02T06:21:25Z" name="setup" finished-at="2023-05-02T06:21:29Z" duration-ms="4370" status="PASS">
          <params>
            <param index="0">
              <value>
                <![CDATA[public void testcases.LoginTest.test4() throws java.lang.InterruptedException,com.codoid.products.exception.FilloException]]>
              </value>
            </param>
          </params>
          <reporter-output>
          </reporter-output>
        </test-method> <!-- setup -->
        <test-method signature="test4()[pri:0, instance:testcases.LoginTest@54eb2b70]" started-at="2023-05-02T06:21:29Z" name="test4" finished-at="2023-05-02T06:21:47Z" duration-ms="17540" status="PASS">
          <reporter-output>
          </reporter-output>
        </test-method> <!-- test4 -->
        <test-method is-config="true" signature="Teardown()[pri:0, instance:testcases.LoginTest@54eb2b70]" started-at="2023-05-02T06:21:47Z" name="Teardown" finished-at="2023-05-02T06:21:47Z" duration-ms="262" status="PASS">
          <reporter-output>
          </reporter-output>
        </test-method> <!-- Teardown -->
        <test-method is-config="true" signature="ReportClean()[pri:0, instance:testcases.LoginTest@54eb2b70]" started-at="2023-05-02T06:21:47Z" name="ReportClean" finished-at="2023-05-02T06:21:48Z" duration-ms="260" status="PASS">
          <reporter-output>
          </reporter-output>
        </test-method> <!-- ReportClean -->
      </class> <!-- testcases.LoginTest -->
    </test> <!-- Default test -->
  </suite> <!-- Default suite -->
</testng-results>
